0 info it worked if it ends with ok
1 verbose cli [ 'C:\\Program Files\\nodejs\\node.exe',
1 verbose cli   'C:\\Program Files\\nodejs\\node_modules\\npm\\bin\\npm-cli.js',
1 verbose cli   'publish' ]
2 info using npm@2.15.1
3 info using node@v4.4.4
4 verbose publish [ '.' ]
5 silly cache add args [ '.', null ]
6 verbose cache add spec .
7 silly cache add parsed spec Result {
7 silly cache add   raw: '.',
7 silly cache add   scope: null,
7 silly cache add   name: null,
7 silly cache add   rawSpec: '.',
7 silly cache add   spec: 'C:\\Programming\\project\\Cordova\\cordova-plugin-beecloudsdk',
7 silly cache add   type: 'directory' }
8 verbose addLocalDirectory C:\Users\zyf\AppData\Roaming\npm-cache\cordova-plugin-beecloudsdk\0.0.1\package.tgz not in flight; packing
9 verbose correctMkdir C:\Users\zyf\AppData\Roaming\npm-cache correctMkdir not in flight; initializing
10 verbose tar pack [ 'C:\\Users\\zyf\\AppData\\Roaming\\npm-cache\\cordova-plugin-beecloudsdk\\0.0.1\\package.tgz',
10 verbose tar pack   'C:\\Programming\\project\\Cordova\\cordova-plugin-beecloudsdk' ]
11 verbose tarball C:\Users\zyf\AppData\Roaming\npm-cache\cordova-plugin-beecloudsdk\0.0.1\package.tgz
12 verbose folder C:\Programming\project\Cordova\cordova-plugin-beecloudsdk
13 info prepublish cordova-plugin-beecloudsdk@0.0.1
14 verbose addLocalTarball adding from inside cache C:\Users\zyf\AppData\Roaming\npm-cache\cordova-plugin-beecloudsdk\0.0.1\package.tgz
15 verbose correctMkdir C:\Users\zyf\AppData\Roaming\npm-cache correctMkdir not in flight; initializing
16 silly cache afterAdd cordova-plugin-beecloudsdk@0.0.1
17 verbose afterAdd C:\Users\zyf\AppData\Roaming\npm-cache\cordova-plugin-beecloudsdk\0.0.1\package\package.json not in flight; writing
18 verbose correctMkdir C:\Users\zyf\AppData\Roaming\npm-cache correctMkdir not in flight; initializing
19 verbose afterAdd C:\Users\zyf\AppData\Roaming\npm-cache\cordova-plugin-beecloudsdk\0.0.1\package\package.json written
20 silly publish { name: 'cordova-plugin-beecloudsdk',
20 silly publish   version: '0.0.1',
20 silly publish   description: 'Cordova Beecloud SDK',
20 silly publish   cordova: { id: 'cordova-plugin-beecloudsdk', platforms: [ 'android' ] },
20 silly publish   engines: { cordovaDependencies: { '0.0.1': [Object] } },
20 silly publish   repository:
20 silly publish    { type: 'git',
20 silly publish      url: 'git+https://github.com/zyf0330/cordova-plugin-beecloudsdk.git' },
20 silly publish   keywords: [ 'cordova', 'beecloud', 'ecosystem:cordova', 'cordova-android' ],
20 silly publish   author: { name: 'zhaoyunfeng' },
20 silly publish   license: 'Apache 2.0',
20 silly publish   readme: '# cordova-plugin-beecloudsdk\r\n\r\nBeecloud的cordova插件，暂时只有安卓版本，ios版本留待以后添加。\r\n暂时只有支付宝app支付和微信app支付。\r\n\r\n## 构建\r\n\r\n安装以后，在源文件中填入自己的Beecloud相关参数。注意添加保护措施。\r\n\r\n* android: 在Pay.java中\r\n\r\n## api\r\n\r\n### 插件声明对象\r\n* `navigator.plugins.beecloud` beecloud对象，其中有多个功能对象。\r\n\r\n### 各对象\r\n\r\n#### beecloud\r\n* `pay` 支付。以下为内部对象：\r\n>* `init()` 调用各个支付渠道之前需要初始化beecloud参数等，相关参数在源文件中手动填入。注意，微信支付需要填入wxappid。\r\n>* `ali_app(title, totalfee, orderNo, optional, cb(Error, info))` 支付宝app支付\r\n>* `wx_app(title, totalfee, orderNo, optional, cb(Error, info))` 微信app支付',
20 silly publish   readmeFilename: 'README.md',
20 silly publish   gitHead: '8adebc7c5ce9fc30d139fd1cf12b3f7ba6f956d7',
20 silly publish   bugs: { url: 'https://github.com/zyf0330/cordova-plugin-beecloudsdk/issues' },
20 silly publish   homepage: 'https://github.com/zyf0330/cordova-plugin-beecloudsdk#readme',
20 silly publish   _id: 'cordova-plugin-beecloudsdk@0.0.1',
20 silly publish   scripts: {},
20 silly publish   _shasum: '1e9d49595d2945c52fa9191d17f5c3e47d05aae3',
20 silly publish   _from: '.' }
21 verbose getPublishConfig undefined
22 silly mapToRegistry name cordova-plugin-beecloudsdk
23 silly mapToRegistry using default registry
24 silly mapToRegistry registry https://registry.npmjs.org/
25 silly mapToRegistry data Result {
25 silly mapToRegistry   raw: 'cordova-plugin-beecloudsdk',
25 silly mapToRegistry   scope: null,
25 silly mapToRegistry   name: 'cordova-plugin-beecloudsdk',
25 silly mapToRegistry   rawSpec: '',
25 silly mapToRegistry   spec: 'latest',
25 silly mapToRegistry   type: 'tag' }
26 silly mapToRegistry uri https://registry.npmjs.org/cordova-plugin-beecloudsdk
27 verbose publish registryBase https://registry.npmjs.org/
28 silly publish uploading C:\Users\zyf\AppData\Roaming\npm-cache\cordova-plugin-beecloudsdk\0.0.1\package.tgz
29 verbose request uri https://registry.npmjs.org/cordova-plugin-beecloudsdk
30 verbose request sending authorization for write operation
31 info attempt registry request try #1 at 10:08:32
32 verbose request using bearer token for auth
33 verbose request id f042a12ce1f911d2
34 http request PUT https://registry.npmjs.org/cordova-plugin-beecloudsdk
35 http 403 https://registry.npmjs.org/cordova-plugin-beecloudsdk
36 verbose headers { 'content-type': 'application/json',
36 verbose headers   'cache-control': 'max-age=300',
36 verbose headers   'content-length': '128',
36 verbose headers   'accept-ranges': 'bytes',
36 verbose headers   date: 'Mon, 13 Jun 2016 02:09:32 GMT',
36 verbose headers   via: '1.1 varnish',
36 verbose headers   connection: 'keep-alive',
36 verbose headers   'x-served-by': 'cache-itm7420-ITM',
36 verbose headers   'x-cache': 'MISS',
36 verbose headers   'x-cache-hits': '0',
36 verbose headers   'x-timer': 'S1465783715.480485,VS0,VE57096',
36 verbose headers   vary: 'Accept-Encoding' }
37 verbose request invalidating C:\Users\zyf\AppData\Roaming\npm-cache\registry.npmjs.org\cordova-plugin-beecloudsdk on PUT
38 error publish Failed PUT 403
39 verbose stack Error: "You cannot publish over the previously published version 0.0.1. Try bumping the version to 1.0.0" : cordova-plugin-beecloudsdk
39 verbose stack     at makeError (C:\Program Files\nodejs\node_modules\npm\node_modules\npm-registry-client\lib\request.js:264:12)
39 verbose stack     at CachingRegistryClient.<anonymous> (C:\Program Files\nodejs\node_modules\npm\node_modules\npm-registry-client\lib\request.js:252:14)
39 verbose stack     at Request._callback (C:\Program Files\nodejs\node_modules\npm\node_modules\npm-registry-client\lib\request.js:172:14)
39 verbose stack     at Request.self.callback (C:\Program Files\nodejs\node_modules\npm\node_modules\request\request.js:199:22)
39 verbose stack     at emitTwo (events.js:87:13)
39 verbose stack     at Request.emit (events.js:172:7)
39 verbose stack     at Request.<anonymous> (C:\Program Files\nodejs\node_modules\npm\node_modules\request\request.js:1036:10)
39 verbose stack     at emitOne (events.js:82:20)
39 verbose stack     at Request.emit (events.js:169:7)
39 verbose stack     at IncomingMessage.<anonymous> (C:\Program Files\nodejs\node_modules\npm\node_modules\request\request.js:963:12)
40 verbose statusCode 403
41 verbose pkgid cordova-plugin-beecloudsdk
42 verbose cwd C:\Programming\project\Cordova\cordova-plugin-beecloudsdk
43 error Windows_NT 10.0.14342
44 error argv "C:\\Program Files\\nodejs\\node.exe" "C:\\Program Files\\nodejs\\node_modules\\npm\\bin\\npm-cli.js" "publish"
45 error node v4.4.4
46 error npm  v2.15.1
47 error code E403
48 error "You cannot publish over the previously published version 0.0.1. Try bumping the version to 1.0.0" : cordova-plugin-beecloudsdk
49 error If you need help, you may report this error at:
49 error     <https://github.com/npm/npm/issues>
50 verbose exit [ 1, true ]
